<?xml version="1.0" encoding="UTF-8"?>
<!-- Generated by org.testng.reporters.JUnitReportReporter -->
<testsuite hostname="SOFT010-105" name="br.com.pageobject.nomepagina.NomePaginaTest" tests="1" failures="0" timestamp="27 Feb 2016 19:41:31 GMT" time="0.000" errors="0">
  <testcase name="metodoExemplo" time="0.000" classname="br.com.pageobject.nomepagina.NomePaginaTest"/>
</testsuite> <!-- br.com.pageobject.nomepagina.NomePaginaTest -->
